<?xml version="1.0" encoding="UTF-8"?>
<!-- Generated by org.testng.reporters.JUnitReportReporter -->
<testsuite name="bn.test.smlcs.testCase.ProductTransformCase" tests="1" time="112.323" ignored="0" failures="0" timestamp="18 十二月 2019 03:51:01 GMT" skipped="0" hostname="zhaodongMac.local" errors="0">
  <testcase name="productTransformCase1" time="112.323" classname="bn.test.smlcs.testCase.ProductTransformCase"/>
</testsuite> <!-- bn.test.smlcs.testCase.ProductTransformCase -->
