<?xml version="1.0" encoding="UTF-8"?>
<!-- Generated by org.testng.reporters.JUnitReportReporter -->
<testsuite name="bn.test.smlcs.testCase.HomeCase" tests="1" time="60.912" ignored="3" failures="0" timestamp="20 十二月 2019 01:25:27 GMT" skipped="0" hostname="zhaodongMac.local" errors="0">
  <testcase name="zhuanFaZhuShou" time="60.912" classname="bn.test.smlcs.testCase.HomeCase"/>
  <testcase name="myApproval" classname="bn.test.smlcs.testCase.HomeCase">
    <skipped/>
  </testcase> <!-- myApproval -->
  <testcase name="clickDaibanrenwu" classname="bn.test.smlcs.testCase.HomeCase">
    <skipped/>
  </testcase> <!-- clickDaibanrenwu -->
  <testcase name="riLiCase" classname="bn.test.smlcs.testCase.HomeCase">
    <skipped/>
  </testcase> <!-- riLiCase -->
</testsuite> <!-- bn.test.smlcs.testCase.HomeCase -->
