<?xml version="1.0" encoding="UTF-8"?>
<!-- Generated by org.testng.reporters.JUnitReportReporter -->
<testsuite name="bn.test.smlcs.testCase.FundPlanCase" tests="1" time="184.837" ignored="0" failures="0" timestamp="13 十二月 2019 07:10:14 GMT" skipped="0" hostname="zhaodongMac.local" errors="0">
  <testcase name="fundPlanCase1" time="184.837" classname="bn.test.smlcs.testCase.FundPlanCase"/>
</testsuite> <!-- bn.test.smlcs.testCase.FundPlanCase -->
