<?xml version="1.0" encoding="UTF-8"?>
<!-- Generated by org.testng.reporters.JUnitReportReporter -->
<testsuite name="bn.test.smlcs.testCase.MyOrderCase" tests="1" time="117.902" ignored="0" failures="0" timestamp="11 十二月 2019 10:53:52 GMT" skipped="0" hostname="zhaodongMac.local" errors="0">
  <testcase name="myOrder_orderCancelCase" time="117.902" classname="bn.test.smlcs.testCase.MyOrderCase"/>
</testsuite> <!-- bn.test.smlcs.testCase.MyOrderCase -->
