<?xml version="1.0" encoding="UTF-8"?>
<!-- Generated by org.testng.reporters.JUnitReportReporter -->
<testsuite name="bn.test.smlcs.testCase.HeTongYiJiaoCase" tests="2" time="246.949" ignored="0" failures="0" timestamp="13 十二月 2019 08:39:29 GMT" skipped="0" hostname="zhaodongMac.local" errors="0">
  <testcase name="case1" time="115.739" classname="bn.test.smlcs.testCase.HeTongYiJiaoCase"/>
  <testcase name="case2" time="131.210" classname="bn.test.smlcs.testCase.HeTongYiJiaoCase"/>
</testsuite> <!-- bn.test.smlcs.testCase.HeTongYiJiaoCase -->
