<?xml version="1.0" encoding="UTF-8"?>
<!-- Generated by org.testng.reporters.JUnitReportReporter -->
<testsuite name="bn.test.smlcs.testCase.ProductionCase" tests="1" time="109.538" ignored="0" failures="0" timestamp="13 十二月 2019 03:31:04 GMT" skipped="0" hostname="zhaodongMac.local" errors="0">
  <testcase name="productionCase2" time="109.538" classname="bn.test.smlcs.testCase.ProductionCase"/>
</testsuite> <!-- bn.test.smlcs.testCase.ProductionCase -->
