<?xml version="1.0" encoding="UTF-8"?>
<!-- Generated by org.testng.reporters.JUnitReportReporter -->
<testsuite name="bn.test.smlcs.testCase.HomeCase" tests="1" time="103.693" ignored="3" failures="0" timestamp="13 十二月 2019 07:00:04 GMT" skipped="0" hostname="zhaodongMac.local" errors="0">
  <testcase name="riLiCase" time="103.693" classname="bn.test.smlcs.testCase.HomeCase"/>
  <testcase name="myApproval" classname="bn.test.smlcs.testCase.HomeCase">
    <skipped/>
  </testcase> <!-- myApproval -->
  <testcase name="clickDaibanrenwu" classname="bn.test.smlcs.testCase.HomeCase">
    <skipped/>
  </testcase> <!-- clickDaibanrenwu -->
  <testcase name="zhuanFaZhuShou" classname="bn.test.smlcs.testCase.HomeCase">
    <skipped/>
  </testcase> <!-- zhuanFaZhuShou -->
</testsuite> <!-- bn.test.smlcs.testCase.HomeCase -->
