<?xml version="1.0" encoding="UTF-8"?>
<!-- Generated by org.testng.reporters.JUnitReportReporter -->
<testsuite name="bn.test.smlcs.testCase.ProvideContractCase" tests="1" time="38.019" ignored="0" failures="0" timestamp="19 十二月 2019 06:25:43 GMT" skipped="0" hostname="zhaodongMac.local" errors="0">
  <testcase name="provideContractCase1" time="38.019" classname="bn.test.smlcs.testCase.ProvideContractCase"/>
</testsuite> <!-- bn.test.smlcs.testCase.ProvideContractCase -->
