<?xml version="1.0" encoding="UTF-8"?>
<!-- Generated by org.testng.reporters.JUnitReportReporter -->
<testsuite name="bn.test.smlcs.testCase.MyApprovalCase" tests="2" time="167.306" ignored="0" failures="0" timestamp="31 十月 2019 08:41:28 GMT" skipped="0" hostname="zhaodongMac.local" errors="0">
  <testcase name="MyApproval2" time="96.090" classname="bn.test.smlcs.testCase.MyApprovalCase"/>
  <testcase name="MyApproval1" time="71.216" classname="bn.test.smlcs.testCase.MyApprovalCase"/>
</testsuite> <!-- bn.test.smlcs.testCase.MyApprovalCase -->
