<?xml version="1.0" encoding="UTF-8"?>
<!-- Generated by org.testng.reporters.JUnitReportReporter -->
<testsuite name="bn.test.smlcs.test.LoginCase3" tests="1" time="33.246" ignored="0" failures="0" timestamp="06 十一月 2019 09:47:31 GMT" skipped="0" hostname="zhaodongMac.local" errors="0">
  <testcase name="unlockLogin" time="33.246" classname="bn.test.smlcs.test.LoginCase3"/>
</testsuite> <!-- bn.test.smlcs.test.LoginCase3 -->
