<?xml version="1.0" encoding="UTF-8"?>
<!-- Generated by org.testng.reporters.JUnitReportReporter -->
<testsuite name="bn.test.smlcs.testCase.DaoQiBianGengCase" tests="1" time="194.319" ignored="0" failures="0" timestamp="13 十二月 2019 03:49:28 GMT" skipped="0" hostname="zhaodongMac.local" errors="0">
  <testcase name="daoQiBianGengCase1" time="194.319" classname="bn.test.smlcs.testCase.DaoQiBianGengCase"/>
</testsuite> <!-- bn.test.smlcs.testCase.DaoQiBianGengCase -->
