<?xml version="1.0" encoding="UTF-8"?>
<!-- Generated by org.testng.reporters.JUnitReportReporter -->
<testsuite name="bn.test.smlcs.testCase.LoginCase" tests="1" time="17.290" ignored="0" failures="0" timestamp="31 十月 2019 08:41:38 GMT" skipped="0" hostname="zhaodongMac.local" errors="0">
  <testcase name="loginCase3" time="17.290" classname="bn.test.smlcs.testCase.LoginCase"/>
</testsuite> <!-- bn.test.smlcs.testCase.LoginCase -->
