<?xml version="1.0" encoding="UTF-8"?>
<!-- Generated by org.testng.reporters.JUnitReportReporter -->
<testsuite name="bn.test.smlcs.testCase.SbuscribeForProductCase" tests="1" time="261.631" ignored="0" failures="0" timestamp="10 十二月 2019 02:30:20 GMT" skipped="0" hostname="zhaodongMac.local" errors="0">
  <testcase name="testCase2" time="261.631" classname="bn.test.smlcs.testCase.SbuscribeForProductCase"/>
</testsuite> <!-- bn.test.smlcs.testCase.SbuscribeForProductCase -->
