<?xml version="1.0" encoding="UTF-8"?>
<!-- Generated by org.testng.reporters.JUnitReportReporter -->
<testsuite skipped="0" hostname="zhaodongMac.local" name="bn.test.smlcs.testCase.SbuscribeForProductCase" tests="3" failures="0" timestamp="24 十二月 2019 05:13:55 GMT" time="526.966" errors="0">
  <testcase name="testCase2" time="204.030" classname="bn.test.smlcs.testCase.SbuscribeForProductCase"/>
  <testcase name="myOrder_orderCancelCase" time="106.697" classname="bn.test.smlcs.testCase.SbuscribeForProductCase"/>
  <testcase name="testCase1" time="216.239" classname="bn.test.smlcs.testCase.SbuscribeForProductCase"/>
</testsuite> <!-- bn.test.smlcs.testCase.SbuscribeForProductCase -->
