<?xml version="1.0" encoding="UTF-8"?>
<!-- Generated by org.testng.reporters.JUnitReportReporter -->
<testsuite skipped="0" hostname="zhaodongMac.local" name="bn.test.smlcs.testCase.ProductionCase" tests="3" failures="0" timestamp="24 十二月 2019 05:13:40 GMT" time="178.291" errors="0">
  <testcase name="productionCase2" time="58.865" classname="bn.test.smlcs.testCase.ProductionCase"/>
  <testcase name="productionCase3" time="61.484" classname="bn.test.smlcs.testCase.ProductionCase"/>
  <testcase name="productionCase1" time="57.942" classname="bn.test.smlcs.testCase.ProductionCase"/>
</testsuite> <!-- bn.test.smlcs.testCase.ProductionCase -->
