<?xml version="1.0" encoding="UTF-8"?>
<!-- Generated by org.testng.reporters.JUnitReportReporter -->
<testsuite skipped="0" hostname="zhaodongMac.local" name="bn.test.smlcs.testCase.HeTongYiJiaoCase" tests="2" failures="0" timestamp="20 十二月 2019 03:28:57 GMT" time="93.950" errors="0">
  <testcase name="case1" time="47.051" classname="bn.test.smlcs.testCase.HeTongYiJiaoCase"/>
  <testcase name="case2" time="46.899" classname="bn.test.smlcs.testCase.HeTongYiJiaoCase"/>
</testsuite> <!-- bn.test.smlcs.testCase.HeTongYiJiaoCase -->
