<?xml version="1.0" encoding="UTF-8"?>
<!-- Generated by org.testng.reporters.JUnitReportReporter -->
<testsuite skipped="0" hostname="zhaodongMac.local" name="bn.test.smlcs.testCase.ProductTransformCase" tests="1" failures="0" timestamp="20 十二月 2019 03:29:17 GMT" time="105.012" errors="0">
  <testcase name="productTransformCase1" time="105.012" classname="bn.test.smlcs.testCase.ProductTransformCase"/>
</testsuite> <!-- bn.test.smlcs.testCase.ProductTransformCase -->
