<?xml version="1.0" encoding="UTF-8"?>
<!-- Generated by org.testng.reporters.JUnitReportReporter -->
<testsuite skipped="0" hostname="zhaodongMac.local" name="bn.test.smlcs.testCase.PosterShareCase" tests="1" failures="0" timestamp="20 十二月 2019 03:29:47 GMT" time="55.561" errors="0">
  <testcase name="testCase1" time="55.561" classname="bn.test.smlcs.testCase.PosterShareCase"/>
</testsuite> <!-- bn.test.smlcs.testCase.PosterShareCase -->
