<?xml version="1.0" encoding="UTF-8"?>
<!-- Generated by org.testng.reporters.JUnitReportReporter -->
<testsuite skipped="0" hostname="zhaodongMac.local" name="bn.test.smlcs.testCase.MyRedeemCase" tests="1" failures="0" timestamp="24 十二月 2019 05:13:30 GMT" time="97.535" errors="0">
  <testcase name="myRedeemCase1" time="97.535" classname="bn.test.smlcs.testCase.MyRedeemCase"/>
</testsuite> <!-- bn.test.smlcs.testCase.MyRedeemCase -->
