<?xml version="1.0" encoding="UTF-8"?>
<!-- Generated by org.testng.reporters.JUnitReportReporter -->
<testsuite skipped="0" hostname="zhaodongMac.local" name="bn.test.smlcs.testCase.DaoQiBianGengCase" tests="2" failures="0" timestamp="24 十二月 2019 05:14:10 GMT" time="259.707" errors="0">
  <testcase name="daoQiBianGengCase2" time="100.770" classname="bn.test.smlcs.testCase.DaoQiBianGengCase"/>
  <testcase name="daoQiBianGengCase1" time="158.937" classname="bn.test.smlcs.testCase.DaoQiBianGengCase"/>
</testsuite> <!-- bn.test.smlcs.testCase.DaoQiBianGengCase -->
