<?xml version="1.0" encoding="UTF-8"?>
<!-- Generated by org.testng.reporters.JUnitReportReporter -->
<testsuite skipped="0" hostname="zhaodongMac.local" name="bn.test.smlcs.testCase.MyApprovalCase" tests="1" failures="0" timestamp="24 十二月 2019 05:13:35 GMT" time="47.759" errors="0">
  <testcase name="MyApproval1" time="47.759" classname="bn.test.smlcs.testCase.MyApprovalCase"/>
</testsuite> <!-- bn.test.smlcs.testCase.MyApprovalCase -->
