<?xml version="1.0" encoding="UTF-8"?>
<!-- Generated by org.testng.reporters.JUnitReportReporter -->
<testsuite skipped="0" hostname="zhaodongMac.local" name="bn.test.smlcs.testCase.LoginCase" tests="1" failures="0" timestamp="19 十二月 2019 10:13:51 GMT" time="98.004" errors="0">
  <testcase name="loginCase3" time="98.004" classname="bn.test.smlcs.testCase.LoginCase"/>
</testsuite> <!-- bn.test.smlcs.testCase.LoginCase -->
