<?xml version="1.0" encoding="UTF-8"?>
<!-- Generated by org.testng.reporters.JUnitReportReporter -->
<testsuite skipped="0" hostname="zhaodongMac.local" name="bn.test.smlcs.testCase.PosterShareCase" tests="1" failures="0" timestamp="24 十二月 2019 05:13:25 GMT" time="50.769" errors="0">
  <testcase name="testCase1" time="50.769" classname="bn.test.smlcs.testCase.PosterShareCase"/>
</testsuite> <!-- bn.test.smlcs.testCase.PosterShareCase -->
