<?xml version="1.0" encoding="UTF-8"?>
<!-- Generated by org.testng.reporters.JUnitReportReporter -->
<testsuite skipped="0" hostname="zhaodongMac.local" name="bn.test.smlcs.testCase.ProvideContractCase" tests="1" failures="0" timestamp="20 十二月 2019 03:29:42 GMT" time="38.840" errors="0">
  <testcase name="provideContractCase1" time="38.840" classname="bn.test.smlcs.testCase.ProvideContractCase"/>
</testsuite> <!-- bn.test.smlcs.testCase.ProvideContractCase -->
