<?xml version="1.0" encoding="UTF-8"?>
<!-- Generated by org.testng.reporters.JUnitReportReporter -->
<testsuite skipped="0" hostname="zhaodongMac.local" name="bn.test.smlcs.testCase.FundPlanCase" tests="1" failures="0" timestamp="24 十二月 2019 05:14:00 GMT" time="97.463" errors="0">
  <testcase name="fundPlanCase1" time="97.463" classname="bn.test.smlcs.testCase.FundPlanCase"/>
</testsuite> <!-- bn.test.smlcs.testCase.FundPlanCase -->
