<?xml version="1.0" encoding="UTF-8"?>
<!-- Generated by org.testng.reporters.JUnitReportReporter -->
<testsuite skipped="0" hostname="zhaodongMac.local" name="bn.test.smlcs.testCase.ZhuanJieShaoCase" tests="2" failures="0" timestamp="24 十二月 2019 05:13:20 GMT" time="239.330" errors="0">
  <testcase name="ZhuanJieShaoCase1" time="150.724" classname="bn.test.smlcs.testCase.ZhuanJieShaoCase"/>
  <testcase name="ZhuanJieShaoCase2" time="88.606" classname="bn.test.smlcs.testCase.ZhuanJieShaoCase"/>
</testsuite> <!-- bn.test.smlcs.testCase.ZhuanJieShaoCase -->
