<?xml version="1.0" encoding="UTF-8"?>
<!-- Generated by org.testng.reporters.JUnitReportReporter -->
<testsuite skipped="0" hostname="zhaodongMac.local" name="bn.test.smlcs.testCase.ProductTransformCase" tests="1" failures="0" timestamp="24 十二月 2019 05:13:45 GMT" time="115.395" errors="0">
  <testcase name="productTransformCase1" time="115.395" classname="bn.test.smlcs.testCase.ProductTransformCase"/>
</testsuite> <!-- bn.test.smlcs.testCase.ProductTransformCase -->
