<?xml version="1.0" encoding="UTF-8"?>
<!-- Generated by org.testng.reporters.JUnitReportReporter -->
<testsuite skipped="0" hostname="zhaodongMac.local" name="bn.test.smlcs.testCase.FundPlanCase" tests="1" failures="0" timestamp="20 十二月 2019 03:29:52 GMT" time="102.153" errors="0">
  <testcase name="fundPlanCase1" time="102.153" classname="bn.test.smlcs.testCase.FundPlanCase"/>
</testsuite> <!-- bn.test.smlcs.testCase.FundPlanCase -->
