<?xml version="1.0" encoding="UTF-8"?>
<!-- Generated by org.testng.reporters.JUnitReportReporter -->
<testsuite skipped="0" hostname="zhaodongMac.local" name="bn.test.smlcs.testCase.HomeCase" tests="4" failures="0" timestamp="23 十二月 2019 07:30:42 GMT" time="324.654" errors="0">
  <testcase name="clickDaibanrenwu" time="102.956" classname="bn.test.smlcs.testCase.HomeCase"/>
  <testcase name="myApproval" time="107.360" classname="bn.test.smlcs.testCase.HomeCase"/>
  <testcase name="zhuanFaZhuShou" time="63.299" classname="bn.test.smlcs.testCase.HomeCase"/>
  <testcase name="riLiCase" time="51.039" classname="bn.test.smlcs.testCase.HomeCase"/>
</testsuite> <!-- bn.test.smlcs.testCase.HomeCase -->
