<?xml version="1.0" encoding="UTF-8"?>
<!-- Generated by org.testng.reporters.JUnitReportReporter -->
<testsuite skipped="0" hostname="zhaodongMac.local" name="bn.test.smlcs.testCase.ProvideContractCase" tests="1" failures="0" timestamp="23 十二月 2019 09:31:31 GMT" time="36.219" errors="0">
  <testcase name="provideContractCase1" time="36.219" classname="bn.test.smlcs.testCase.ProvideContractCase"/>
</testsuite> <!-- bn.test.smlcs.testCase.ProvideContractCase -->
